<?xml version="1.0" encoding="utf-8"?>
<TestRun id="cd9653fb-4c94-412e-a5c6-de6910ef1cb6" name="@MacBook-Pro 2026-02-25 17:30:23" xmlns="http://microsoft.com/schemas/VisualStudio/TeamTest/2010">
  <Times creation="2026-02-25T17:30:23.9142040-05:00" queuing="2026-02-25T17:30:23.9142040-05:00" start="2026-02-25T17:30:22.2366500-05:00" finish="2026-02-25T17:30:24.1092400-05:00" />
  <TestSettings name="default" id="d66f22ec-ca18-4764-8ba0-e0bd7dee89f2">
    <Deployment runDeploymentRoot="_MacBook-Pro_2026-02-25_17_30_23" />
  </TestSettings>
  <Results>
    <UnitTestResult executionId="86680288-6111-481a-876e-1f4ad2b12c2a" testId="b05b1cd4-a8c8-a8a1-eeaa-01d39f27d8b2" testName="Highspring.Automation.Tests.E2E.CheckoutE2ETests.E2E_Checkout_WithSave10_ValidatesTotals_And_ClearsCart" computerName="MacBook-Pro" duration="00:00:01.6423303" startTime="2026-02-25T17:30:24.0850890-05:00" endTime="2026-02-25T17:30:24.0850890-05:00" testType="13cdc9d9-ddb5-4fa4-a97d-d965ccfc6d4b" outcome="Passed" testListId="8c84fa94-04c1-424b-9868-57a2d4851a1d" relativeResultsDirectory="86680288-6111-481a-876e-1f4ad2b12c2a" />
    <UnitTestResult executionId="77c0a66c-8026-4b9b-8d41-598706558e86" testId="bdafdb19-2f71-a8a0-0813-fb9acd655797" testName="Highspring.Automation.Tests.Smoke.HomeSmokeTests.Smoke_HomePage_Loads" computerName="MacBook-Pro" duration="00:00:00.9586452" startTime="2026-02-25T17:30:23.4017090-05:00" endTime="2026-02-25T17:30:23.4017180-05:00" testType="13cdc9d9-ddb5-4fa4-a97d-d965ccfc6d4b" outcome="Passed" testListId="8c84fa94-04c1-424b-9868-57a2d4851a1d" relativeResultsDirectory="77c0a66c-8026-4b9b-8d41-598706558e86" />
  </Results>
  <TestDefinitions>
    <UnitTest name="Highspring.Automation.Tests.Smoke.HomeSmokeTests.Smoke_HomePage_Loads" storage="/users/tuliodiaz/workspaces/highspring/automation/bin/debug/net10.0/highspring.automation.dll" id="bdafdb19-2f71-a8a0-0813-fb9acd655797">
      <Execution id="77c0a66c-8026-4b9b-8d41-598706558e86" />
      <TestMethod codeBase="/Users/tuliodiaz/workspaces/highspring/automation/bin/Debug/net10.0/Highspring.Automation.dll" adapterTypeName="executor://xunit/VsTestRunner2/netcoreapp" className="Highspring.Automation.Tests.Smoke.HomeSmokeTests" name="Smoke_HomePage_Loads" />
    </UnitTest>
    <UnitTest name="Highspring.Automation.Tests.E2E.CheckoutE2ETests.E2E_Checkout_WithSave10_ValidatesTotals_And_ClearsCart" storage="/users/tuliodiaz/workspaces/highspring/automation/bin/debug/net10.0/highspring.automation.dll" id="b05b1cd4-a8c8-a8a1-eeaa-01d39f27d8b2">
      <Execution id="86680288-6111-481a-876e-1f4ad2b12c2a" />
      <TestMethod codeBase="/Users/tuliodiaz/workspaces/highspring/automation/bin/Debug/net10.0/Highspring.Automation.dll" adapterTypeName="executor://xunit/VsTestRunner2/netcoreapp" className="Highspring.Automation.Tests.E2E.CheckoutE2ETests" name="E2E_Checkout_WithSave10_ValidatesTotals_And_ClearsCart" />
    </UnitTest>
  </TestDefinitions>
  <TestEntries>
    <TestEntry testId="b05b1cd4-a8c8-a8a1-eeaa-01d39f27d8b2" executionId="86680288-6111-481a-876e-1f4ad2b12c2a" testListId="8c84fa94-04c1-424b-9868-57a2d4851a1d" />
    <TestEntry testId="bdafdb19-2f71-a8a0-0813-fb9acd655797" executionId="77c0a66c-8026-4b9b-8d41-598706558e86" testListId="8c84fa94-04c1-424b-9868-57a2d4851a1d" />
  </TestEntries>
  <TestLists>
    <TestList name="Results Not in a List" id="8c84fa94-04c1-424b-9868-57a2d4851a1d" />
    <TestList name="All Loaded Results" id="19431567-8539-422a-85d7-44ee4e166bda" />
  </TestLists>
  <ResultSummary outcome="Completed">
    <Counters total="2" executed="2" passed="2" failed="0" error="0" timeout="0" aborted="0" inconclusive="0" passedButRunAborted="0" notRunnable="0" notExecuted="0" disconnected="0" warning="0" completed="0" inProgress="0" pending="0" />
    <Output>
      <StdOut>[xUnit.net 00:00:00.00] xUnit.net VSTest Adapter v2.8.2+699d445a1a (64-bit .NET 10.0.3)
[xUnit.net 00:00:00.02]   Discovering: Highspring.Automation
[xUnit.net 00:00:00.03]   Discovered:  Highspring.Automation
[xUnit.net 00:00:00.03]   Starting:    Highspring.Automation
Starting ChromeDriver 145.0.7632.117 (de4e5d6e13b995f5e04137970c0e8ec456017467-refs/branch-heads/7632@{#3101}) on port 56983
Only local connections are allowed.
Please see https://chromedriver.chromium.org/security-considerations for suggestions on keeping ChromeDriver safe.
ChromeDriver was started successfully on port 56983.
Starting ChromeDriver 145.0.7632.117 (de4e5d6e13b995f5e04137970c0e8ec456017467-refs/branch-heads/7632@{#3101}) on port 56984
Only local connections are allowed.
Please see https://chromedriver.chromium.org/security-considerations for suggestions on keeping ChromeDriver safe.
ChromeDriver was started successfully on port 56984.
[xUnit.net 00:00:01.69]   Finished:    Highspring.Automation
</StdOut>
    </Output>
  </ResultSummary>
</TestRun>