<?xml version="1.0" encoding="utf-8"?>
<TestRun id="e112e841-2afc-40c7-af12-82d4209bea52" name="@MacBook-Pro 2026-02-25 17:29:25" xmlns="http://microsoft.com/schemas/VisualStudio/TeamTest/2010">
  <Times creation="2026-02-25T17:29:25.8250200-05:00" queuing="2026-02-25T17:29:25.8250200-05:00" start="2026-02-25T17:29:23.5947970-05:00" finish="2026-02-25T17:29:25.8268680-05:00" />
  <TestSettings name="default" id="36b656bd-26f2-46a8-a674-109a8476d7e4">
    <Deployment runDeploymentRoot="_MacBook-Pro_2026-02-25_17_29_25" />
  </TestSettings>
  <Results>
    <UnitTestResult executionId="23cd56c5-b314-4b83-8530-c593d4d3b43f" testId="b05b1cd4-a8c8-a8a1-eeaa-01d39f27d8b2" testName="Highspring.Automation.Tests.E2E.CheckoutE2ETests.E2E_Checkout_WithSave10_ValidatesTotals_And_ClearsCart" computerName="MacBook-Pro" duration="00:00:01.9769479" startTime="2026-02-25T17:29:25.7926820-05:00" endTime="2026-02-25T17:29:25.7926900-05:00" testType="13cdc9d9-ddb5-4fa4-a97d-d965ccfc6d4b" outcome="Passed" testListId="8c84fa94-04c1-424b-9868-57a2d4851a1d" relativeResultsDirectory="23cd56c5-b314-4b83-8530-c593d4d3b43f" />
  </Results>
  <TestDefinitions>
    <UnitTest name="Highspring.Automation.Tests.E2E.CheckoutE2ETests.E2E_Checkout_WithSave10_ValidatesTotals_And_ClearsCart" storage="/users/tuliodiaz/workspaces/highspring/automation/bin/debug/net10.0/highspring.automation.dll" id="b05b1cd4-a8c8-a8a1-eeaa-01d39f27d8b2">
      <Execution id="23cd56c5-b314-4b83-8530-c593d4d3b43f" />
      <TestMethod codeBase="/Users/tuliodiaz/workspaces/highspring/automation/bin/Debug/net10.0/Highspring.Automation.dll" adapterTypeName="executor://xunit/VsTestRunner2/netcoreapp" className="Highspring.Automation.Tests.E2E.CheckoutE2ETests" name="E2E_Checkout_WithSave10_ValidatesTotals_And_ClearsCart" />
    </UnitTest>
  </TestDefinitions>
  <TestEntries>
    <TestEntry testId="b05b1cd4-a8c8-a8a1-eeaa-01d39f27d8b2" executionId="23cd56c5-b314-4b83-8530-c593d4d3b43f" testListId="8c84fa94-04c1-424b-9868-57a2d4851a1d" />
  </TestEntries>
  <TestLists>
    <TestList name="Results Not in a List" id="8c84fa94-04c1-424b-9868-57a2d4851a1d" />
    <TestList name="All Loaded Results" id="19431567-8539-422a-85d7-44ee4e166bda" />
  </TestLists>
  <ResultSummary outcome="Completed">
    <Counters total="1" executed="1" passed="1" failed="0" error="0" timeout="0" aborted="0" inconclusive="0" passedButRunAborted="0" notRunnable="0" notExecuted="0" disconnected="0" warning="0" completed="0" inProgress="0" pending="0" />
    <Output>
      <StdOut>[xUnit.net 00:00:00.00] xUnit.net VSTest Adapter v2.8.2+699d445a1a (64-bit .NET 10.0.3)
[xUnit.net 00:00:00.02]   Discovering: Highspring.Automation
[xUnit.net 00:00:00.03]   Discovered:  Highspring.Automation
[xUnit.net 00:00:00.03]   Starting:    Highspring.Automation
Starting ChromeDriver 145.0.7632.117 (de4e5d6e13b995f5e04137970c0e8ec456017467-refs/branch-heads/7632@{#3101}) on port 56904
Only local connections are allowed.
Please see https://chromedriver.chromium.org/security-considerations for suggestions on keeping ChromeDriver safe.
ChromeDriver was started successfully on port 56904.
[xUnit.net 00:00:02.03]   Finished:    Highspring.Automation
</StdOut>
    </Output>
  </ResultSummary>
</TestRun>