<?xml version="1.0" encoding="utf-8"?>
<TestRun id="f5b68621-687b-43e9-b3ce-f66fd18ebca8" name="@MacBook-Pro 2026-02-25 17:28:07" xmlns="http://microsoft.com/schemas/VisualStudio/TeamTest/2010">
  <Times creation="2026-02-25T17:28:07.1230210-05:00" queuing="2026-02-25T17:28:07.1230210-05:00" start="2026-02-25T17:28:05.3142100-05:00" finish="2026-02-25T17:28:07.1250250-05:00" />
  <TestSettings name="default" id="901bd469-304f-4b94-91bb-193ad05da909">
    <Deployment runDeploymentRoot="_MacBook-Pro_2026-02-25_17_28_07" />
  </TestSettings>
  <Results>
    <UnitTestResult executionId="0faf1d74-17b4-4407-af4f-f1a0a202dab8" testId="bdafdb19-2f71-a8a0-0813-fb9acd655797" testName="Highspring.Automation.Tests.Smoke.HomeSmokeTests.Smoke_HomePage_Loads" computerName="MacBook-Pro" duration="00:00:01.5113459" startTime="2026-02-25T17:28:07.0901350-05:00" endTime="2026-02-25T17:28:07.0901500-05:00" testType="13cdc9d9-ddb5-4fa4-a97d-d965ccfc6d4b" outcome="Passed" testListId="8c84fa94-04c1-424b-9868-57a2d4851a1d" relativeResultsDirectory="0faf1d74-17b4-4407-af4f-f1a0a202dab8" />
  </Results>
  <TestDefinitions>
    <UnitTest name="Highspring.Automation.Tests.Smoke.HomeSmokeTests.Smoke_HomePage_Loads" storage="/users/tuliodiaz/workspaces/highspring/automation/bin/debug/net10.0/highspring.automation.dll" id="bdafdb19-2f71-a8a0-0813-fb9acd655797">
      <Execution id="0faf1d74-17b4-4407-af4f-f1a0a202dab8" />
      <TestMethod codeBase="/Users/tuliodiaz/workspaces/highspring/automation/bin/Debug/net10.0/Highspring.Automation.dll" adapterTypeName="executor://xunit/VsTestRunner2/netcoreapp" className="Highspring.Automation.Tests.Smoke.HomeSmokeTests" name="Smoke_HomePage_Loads" />
    </UnitTest>
  </TestDefinitions>
  <TestEntries>
    <TestEntry testId="bdafdb19-2f71-a8a0-0813-fb9acd655797" executionId="0faf1d74-17b4-4407-af4f-f1a0a202dab8" testListId="8c84fa94-04c1-424b-9868-57a2d4851a1d" />
  </TestEntries>
  <TestLists>
    <TestList name="Results Not in a List" id="8c84fa94-04c1-424b-9868-57a2d4851a1d" />
    <TestList name="All Loaded Results" id="19431567-8539-422a-85d7-44ee4e166bda" />
  </TestLists>
  <ResultSummary outcome="Completed">
    <Counters total="1" executed="1" passed="1" failed="0" error="0" timeout="0" aborted="0" inconclusive="0" passedButRunAborted="0" notRunnable="0" notExecuted="0" disconnected="0" warning="0" completed="0" inProgress="0" pending="0" />
    <Output>
      <StdOut>[xUnit.net 00:00:00.00] xUnit.net VSTest Adapter v2.8.2+699d445a1a (64-bit .NET 10.0.3)
[xUnit.net 00:00:00.03]   Discovering: Highspring.Automation
[xUnit.net 00:00:00.05]   Discovered:  Highspring.Automation
[xUnit.net 00:00:00.05]   Starting:    Highspring.Automation
Starting ChromeDriver 145.0.7632.117 (de4e5d6e13b995f5e04137970c0e8ec456017467-refs/branch-heads/7632@{#3101}) on port 56805
Only local connections are allowed.
Please see https://chromedriver.chromium.org/security-considerations for suggestions on keeping ChromeDriver safe.
ChromeDriver was started successfully on port 56805.
[xUnit.net 00:00:01.58]   Finished:    Highspring.Automation
</StdOut>
    </Output>
  </ResultSummary>
</TestRun>